#
# A fatal error has been detected by the Java Runtime Environment:
#
#  Internal Error (classFileParser.cpp:3494), pid=24564, tid=2616
#  Error: ShouldNotReachHere()
#
# JRE version: 6.0_35-b10
# Java VM: Java HotSpot(TM) 64-Bit Server VM (20.10-b01 mixed mode windows-amd64 compressed oops)
# If you would like to submit a bug report, please visit:
#   http://java.sun.com/webapps/bugreport/crash.jsp
#

---------------  T H R E A D  ---------------

Current thread (0x00000000002bc800):  JavaThread "Unknown thread" [_thread_in_vm, id=2616, stack(0x0000000001d80000,0x0000000001e80000)]

Stack: [0x0000000001d80000,0x0000000001e80000]
[error occurred during error reporting (printing stack bounds), id 0xc0000005]


---------------  P R O C E S S  ---------------

Java Threads: ( => current thread )

Other Threads:

=>0x00000000002bc800 (exited) JavaThread "Unknown thread" [_thread_in_vm, id=2616, stack(0x0000000001d80000,0x0000000001e80000)]

VM state:not at safepoint (not fully initialized)

VM Mutex/Monitor currently owned by a thread: None

Dynamic libraries:
0x0000000000400000 - 0x000000000042f000 	C:\Program Files\Java\jre6\bin\javaw.exe
0x000007fa2f5c0000 - 0x000007fa2f780000 	C:\Windows\SYSTEM32\ntdll.dll
0x000007fa2e990000 - 0x000007fa2eac7000 	C:\Windows\system32\KERNEL32.DLL
0x000007fa2c5a0000 - 0x000007fa2c694000 	C:\Windows\system32\KERNELBASE.dll
0x000007fa2eca0000 - 0x000007fa2ed7e000 	C:\Windows\system32\ADVAPI32.dll
0x000007fa2cf10000 - 0x000007fa2d05c000 	C:\Windows\system32\USER32.dll
0x000007fa2ead0000 - 0x000007fa2eb75000 	C:\Windows\system32\msvcrt.dll
0x000007fa2f0d0000 - 0x000007fa2f118000 	C:\Windows\SYSTEM32\sechost.dll
0x000007fa2cc60000 - 0x000007fa2cda5000 	C:\Windows\system32\RPCRT4.dll
0x000007fa2f3b0000 - 0x000007fa2f4f1000 	C:\Windows\system32\GDI32.dll
0x000007fa2d370000 - 0x000007fa2d3a9000 	C:\Windows\system32\IMM32.DLL
0x000007fa2eb80000 - 0x000007fa2ec96000 	C:\Windows\system32\MSCTF.dll
0x000007fa2c400000 - 0x000007fa2c440000 	C:\Windows\system32\nvinitx.dll
0x0000000010000000 - 0x0000000010008000 	c:\windows\system32\schknmf.dll
0x000000006d800000 - 0x000000006dfb9000 	C:\Program Files\Java\jre6\bin\server\jvm.dll
0x000007fa25bd0000 - 0x000007fa25bf0000 	C:\Windows\SYSTEM32\WINMM.dll
0x000007fa25b90000 - 0x000007fa25bc3000 	C:\Windows\SYSTEM32\WINMMBASE.dll
0x000007fa2c550000 - 0x000007fa2c59f000 	C:\Windows\SYSTEM32\cfgmgr32.dll
0x000007fa2c520000 - 0x000007fa2c542000 	C:\Windows\system32\DEVOBJ.dll
0x000000006d770000 - 0x000000006d77e000 	C:\Program Files\Java\jre6\bin\verify.dll
0x000000006d3b0000 - 0x000000006d3d7000 	C:\Program Files\Java\jre6\bin\java.dll
0x000000006d420000 - 0x000000006d454000 	C:\Program Files\Java\jre6\bin\jdwp.dll
0x000000006d640000 - 0x000000006d648000 	C:\Program Files\Java\jre6\bin\npt.dll
0x000000006d7c0000 - 0x000000006d7d2000 	C:\Program Files\Java\jre6\bin\zip.dll
0x000007fa2f500000 - 0x000007fa2f507000 	C:\Windows\system32\PSAPI.DLL

VM Arguments:
jvm_args: -agentlib:jdwp=transport=dt_socket,suspend=y,address=localhost:57652 -Dfile.encoding=utf-8 -Xbootclasspath:G:\program\adt-bundle-windows-x86_64-20130917\sdk\platforms\android-18\android.jar 
java_command: com.jingzhao.lovecollect.Game
Launcher Type: SUN_STANDARD

Environment Variables:
JAVA_HOME=G:\Program Files (x86)\Java\jdk1.6.0_35
CLASSPATH= .;G:\Program Files (x86)\Java\jdk1.6.0_35\lib\dt.jar;G:\Program Files (x86)\Java\jdk1.6.0_35\lib\tools.jar; 
PATH=C:\Windows\system32;C:\Windows;C:\Windows\System32\Wbem;C:\Windows\System32\WindowsPowerShell\v1.0\;E:\Program Files\TortoiseSVN\bin;C:\Program Files\nodejs\;E:\Program Files (x86)\Calibre2\;G:\Program Files (x86)\Java\jdk1.6.0_35\bin;D:\play\play-2.2.3;D:\gradle-1.12\bin;C:\Users\zhaojing\AppData\Roaming\npm
USERNAME=zhaojing
OS=Windows_NT
PROCESSOR_IDENTIFIER=Intel64 Family 6 Model 58 Stepping 9, GenuineIntel



---------------  S Y S T E M  ---------------

OS: Windows NT 6.2 Build 9200 

CPU:total 8 (4 cores per cpu, 2 threads per core) family 6 model 58 stepping 9, cmov, cx8, fxsr, mmx, sse, sse2, sse3, ssse3, sse4.1, sse4.2, popcnt, ht

Memory: 4k page, physical 8256928k(4132316k free), swap 16645536k(10291976k free)

vm_info: Java HotSpot(TM) 64-Bit Server VM (20.10-b01) for windows-amd64 JRE (1.6.0_35-b10), built on Aug 28 2012 16:50:10 by "java_re" with MS VC++ 8.0 (VS2005)

time: Fri Jun 20 14:08:21 2014
elapsed time: 0 seconds

